build/outputs/logs/manifest-merger-current-debug-report.txt
-- Merging decision tree log ---
manifest
ADDED from src/main/AndroidManifest.xml:2:1-233:12
INJECTED from src/main/AndroidManifest.xml:2:1-233:12
INJECTED from src/main/AndroidManifest.xml:2:1-233:12
MERGED from src/main/AndroidManifest.xml:2:1-233:12
MERGED from [com.heinrichreimersoftware:android-issue-reporter:1.3.1] AndroidManifest.xml:25:1-42:12
MERGED from [com.nononsenseapps:filepicker:3.0.0] AndroidManifest.xml:7:1-19:12
MERGED from [com.pavelsikun:vintage-chroma:1.5] AndroidManifest.xml:2:1-14:12
MERGED from [ch.poole:OpeningHoursFragment:0.5.7] AndroidManifest.xml:2:1-11:12
MERGED from [com.afollestad.material-dialogs:core:0.8.5.9] AndroidManifest.xml:2:1-15:12
MERGED from [cn.carbswang.android:NumberPickerView:1.1.1] AndroidManifest.xml:2:1-11:12
MERGED from [me.zhanghai.android.materialprogressbar:library:1.1.5] AndroidManifest.xml:6:1-16:12
MERGED from [com.android.support:design:27.1.1] AndroidManifest.xml:17:1-22:12
MERGED from [ch.poole.android:numberpickerpreference:1.0.1] AndroidManifest.xml:2:1-8:12
MERGED from [com.android.support:preference-v7:27.1.1] AndroidManifest.xml:17:1-22:12
MERGED from [com.android.support:appcompat-v7:27.1.1] AndroidManifest.xml:17:1-22:12
MERGED from [com.android.support:recyclerview-v7:27.1.1] AndroidManifest.xml:17:1-22:12
MERGED from [com.android.support:support-v4:27.1.1] AndroidManifest.xml:17:1-22:12
MERGED from [com.android.support:support-fragment:27.1.1] AndroidManifest.xml:17:1-22:12
MERGED from [com.android.support:animated-vector-drawable:27.1.1] AndroidManifest.xml:17:1-22:12
MERGED from [com.android.support:support-core-ui:27.1.1] AndroidManifest.xml:17:1-22:12
MERGED from [com.android.support:support-core-utils:27.1.1] AndroidManifest.xml:17:1-22:12
MERGED from [com.android.support:support-vector-drawable:27.1.1] AndroidManifest.xml:17:1-22:12
MERGED from [com.android.support:transition:27.1.1] AndroidManifest.xml:17:1-22:12
MERGED from [com.android.support:support-media-compat:27.1.1] AndroidManifest.xml:17:1-22:12
MERGED from [com.android.support:support-compat:27.1.1] AndroidManifest.xml:17:1-22:12
MERGED from [com.faendir.rhino:rhino-android:1.5.1] AndroidManifest.xml:2:1-10:12
MERGED from [com.android.support:cardview-v7:25.3.0] AndroidManifest.xml:17:1-28:12
MERGED from [ch.acra:acra-http:5.0.2] AndroidManifest.xml:17:1-27:12
MERGED from [ch.acra:acra-dialog:5.0.2] AndroidManifest.xml:17:1-35:12
MERGED from [ch.poole.android:numberpicker:1.0.8] AndroidManifest.xml:2:1-10:12
MERGED from [com.github.sevar83:indeterminate-checkbox:1.0.5] AndroidManifest.xml:2:1-17:12
MERGED from [android.arch.lifecycle:runtime:1.1.0] AndroidManifest.xml:17:1-22:12
MERGED from [com.github.aakira:expandable-layout:1.4.3] AndroidManifest.xml:2:1-14:12
MERGED from [ch.acra:acra-core:5.0.2] AndroidManifest.xml:17:1-39:12
MERGED from [ch.poole:rangebar:0.1.1] AndroidManifest.xml:2:1-11:12
MERGED from [android.arch.lifecycle:livedata-core:1.1.0] AndroidManifest.xml:17:1-22:12
MERGED from [android.arch.core:runtime:1.1.0] AndroidManifest.xml:17:1-22:12
MERGED from [android.arch.lifecycle:viewmodel:1.1.0] AndroidManifest.xml:17:1-22:12
INJECTED from src/current/AndroidManifest.xml:2:1-15:12
INJECTED from src/current/AndroidManifest.xml:2:1-15:12
	package
		ADDED from src/main/AndroidManifest.xml:4:5-30
	android:versionName
		ADDED from src/main/AndroidManifest.xml:7:5-46
		INJECTED from src/main/AndroidManifest.xml
		ADDED from src/main/AndroidManifest.xml:7:5-46
		INJECTED from src/current/AndroidManifest.xml
	xmlns:tools
		ADDED from src/main/AndroidManifest.xml:3:5-51
	xmlns:android
		ADDED from src/main/AndroidManifest.xml:2:11-69
	android:versionCode
		ADDED from src/main/AndroidManifest.xml:6:5-31
		INJECTED from src/main/AndroidManifest.xml
		ADDED from src/main/AndroidManifest.xml:6:5-31
		INJECTED from src/current/AndroidManifest.xml
	android:installLocation
		ADDED from src/main/AndroidManifest.xml:5:5-35
uses-sdk
ADDED from src/main/AndroidManifest.xml:9:5-10:231
INJECTED from src/main/AndroidManifest.xml:9:5-10:231
INJECTED from src/main/AndroidManifest.xml:9:5-10:231
MERGED from [com.heinrichreimersoftware:android-issue-reporter:1.3.1] AndroidManifest.xml:30:5-32:41
MERGED from [com.heinrichreimersoftware:android-issue-reporter:1.3.1] AndroidManifest.xml:30:5-32:41
MERGED from [com.nononsenseapps:filepicker:3.0.0] AndroidManifest.xml:13:5-15:41
MERGED from [com.nononsenseapps:filepicker:3.0.0] AndroidManifest.xml:13:5-15:41
MERGED from [com.pavelsikun:vintage-chroma:1.5] AndroidManifest.xml:8:5-10:41
MERGED from [com.pavelsikun:vintage-chroma:1.5] AndroidManifest.xml:8:5-10:41
MERGED from [ch.poole:OpeningHoursFragment:0.5.7] AndroidManifest.xml:7:5-9:41
MERGED from [ch.poole:OpeningHoursFragment:0.5.7] AndroidManifest.xml:7:5-9:41
MERGED from [com.afollestad.material-dialogs:core:0.8.5.9] AndroidManifest.xml:8:5-11:75
MERGED from [com.afollestad.material-dialogs:core:0.8.5.9] AndroidManifest.xml:8:5-11:75
MERGED from [cn.carbswang.android:NumberPickerView:1.1.1] AndroidManifest.xml:7:5-9:41
MERGED from [cn.carbswang.android:NumberPickerView:1.1.1] AndroidManifest.xml:7:5-9:41
MERGED from [me.zhanghai.android.materialprogressbar:library:1.1.5] AndroidManifest.xml:12:5-14:41
MERGED from [me.zhanghai.android.materialprogressbar:library:1.1.5] AndroidManifest.xml:12:5-14:41
MERGED from [com.android.support:design:27.1.1] AndroidManifest.xml:20:5-44
MERGED from [com.android.support:design:27.1.1] AndroidManifest.xml:20:5-44
MERGED from [ch.poole.android:numberpickerpreference:1.0.1] AndroidManifest.xml:6:5-44
MERGED from [ch.poole.android:numberpickerpreference:1.0.1] AndroidManifest.xml:6:5-44
MERGED from [com.android.support:preference-v7:27.1.1] AndroidManifest.xml:20:5-44
MERGED from [com.android.support:preference-v7:27.1.1] AndroidManifest.xml:20:5-44
MERGED from [com.android.support:appcompat-v7:27.1.1] AndroidManifest.xml:20:5-44
MERGED from [com.android.support:appcompat-v7:27.1.1] AndroidManifest.xml:20:5-44
MERGED from [com.android.support:recyclerview-v7:27.1.1] AndroidManifest.xml:20:5-44
MERGED from [com.android.support:recyclerview-v7:27.1.1] AndroidManifest.xml:20:5-44
MERGED from [com.android.support:support-v4:27.1.1] AndroidManifest.xml:20:5-44
MERGED from [com.android.support:support-v4:27.1.1] AndroidManifest.xml:20:5-44
MERGED from [com.android.support:support-fragment:27.1.1] AndroidManifest.xml:20:5-44
MERGED from [com.android.support:support-fragment:27.1.1] AndroidManifest.xml:20:5-44
MERGED from [com.android.support:animated-vector-drawable:27.1.1] AndroidManifest.xml:20:5-44
MERGED from [com.android.support:animated-vector-drawable:27.1.1] AndroidManifest.xml:20:5-44
MERGED from [com.android.support:support-core-ui:27.1.1] AndroidManifest.xml:20:5-44
MERGED from [com.android.support:support-core-ui:27.1.1] AndroidManifest.xml:20:5-44
MERGED from [com.android.support:support-core-utils:27.1.1] AndroidManifest.xml:20:5-44
MERGED from [com.android.support:support-core-utils:27.1.1] AndroidManifest.xml:20:5-44
MERGED from [com.android.support:support-vector-drawable:27.1.1] AndroidManifest.xml:20:5-44
MERGED from [com.android.support:support-vector-drawable:27.1.1] AndroidManifest.xml:20:5-44
MERGED from [com.android.support:transition:27.1.1] AndroidManifest.xml:20:5-44
MERGED from [com.android.support:transition:27.1.1] AndroidManifest.xml:20:5-44
MERGED from [com.android.support:support-media-compat:27.1.1] AndroidManifest.xml:20:5-44
MERGED from [com.android.support:support-media-compat:27.1.1] AndroidManifest.xml:20:5-44
MERGED from [com.android.support:support-compat:27.1.1] AndroidManifest.xml:20:5-44
MERGED from [com.android.support:support-compat:27.1.1] AndroidManifest.xml:20:5-44
MERGED from [com.faendir.rhino:rhino-android:1.5.1] AndroidManifest.xml:6:5-8:41
MERGED from [com.faendir.rhino:rhino-android:1.5.1] AndroidManifest.xml:6:5-8:41
MERGED from [com.android.support:cardview-v7:25.3.0] AndroidManifest.xml:20:5-43
MERGED from [com.android.support:cardview-v7:25.3.0] AndroidManifest.xml:20:5-43
MERGED from [ch.acra:acra-http:5.0.2] AndroidManifest.xml:21:5-23:41
MERGED from [ch.acra:acra-http:5.0.2] AndroidManifest.xml:21:5-23:41
MERGED from [ch.acra:acra-dialog:5.0.2] AndroidManifest.xml:21:5-23:41
MERGED from [ch.acra:acra-dialog:5.0.2] AndroidManifest.xml:21:5-23:41
MERGED from [ch.poole.android:numberpicker:1.0.8] AndroidManifest.xml:6:5-8:41
MERGED from [ch.poole.android:numberpicker:1.0.8] AndroidManifest.xml:6:5-8:41
MERGED from [com.github.sevar83:indeterminate-checkbox:1.0.5] AndroidManifest.xml:7:5-9:41
MERGED from [com.github.sevar83:indeterminate-checkbox:1.0.5] AndroidManifest.xml:7:5-9:41
MERGED from [android.arch.lifecycle:runtime:1.1.0] AndroidManifest.xml:20:5-44
MERGED from [android.arch.lifecycle:runtime:1.1.0] AndroidManifest.xml:20:5-44
MERGED from [com.github.aakira:expandable-layout:1.4.3] AndroidManifest.xml:8:5-10:41
MERGED from [com.github.aakira:expandable-layout:1.4.3] AndroidManifest.xml:8:5-10:41
MERGED from [ch.acra:acra-core:5.0.2] AndroidManifest.xml:21:5-23:41
MERGED from [ch.acra:acra-core:5.0.2] AndroidManifest.xml:21:5-23:41
MERGED from [ch.poole:rangebar:0.1.1] AndroidManifest.xml:7:5-9:41
MERGED from [ch.poole:rangebar:0.1.1] AndroidManifest.xml:7:5-9:41
MERGED from [android.arch.lifecycle:livedata-core:1.1.0] AndroidManifest.xml:20:5-44
MERGED from [android.arch.lifecycle:livedata-core:1.1.0] AndroidManifest.xml:20:5-44
MERGED from [android.arch.core:runtime:1.1.0] AndroidManifest.xml:20:5-44
MERGED from [android.arch.core:runtime:1.1.0] AndroidManifest.xml:20:5-44
MERGED from [android.arch.lifecycle:viewmodel:1.1.0] AndroidManifest.xml:20:5-44
MERGED from [android.arch.lifecycle:viewmodel:1.1.0] AndroidManifest.xml:20:5-44
INJECTED from src/current/AndroidManifest.xml:9:5-10:231
INJECTED from src/current/AndroidManifest.xml:9:5-10:231
	tools:overrideLibrary
		ADDED from src/main/AndroidManifest.xml:10:9-228
	android:targetSdkVersion
		INJECTED from src/main/AndroidManifest.xml
		INJECTED from src/current/AndroidManifest.xml
	android:minSdkVersion
		INJECTED from src/main/AndroidManifest.xml
		INJECTED from src/current/AndroidManifest.xml
uses-feature#android.hardware.sensor.compass
ADDED from src/main/AndroidManifest.xml:18:5-20:36
	android:required
		ADDED from src/main/AndroidManifest.xml:20:9-33
	android:name
		ADDED from src/main/AndroidManifest.xml:19:9-55
uses-feature#android.hardware.location
ADDED from src/main/AndroidManifest.xml:21:5-23:36
	android:required
		ADDED from src/main/AndroidManifest.xml:23:9-33
	android:name
		ADDED from src/main/AndroidManifest.xml:22:9-49
uses-feature#android.hardware.location.gps
ADDED from src/main/AndroidManifest.xml:24:5-26:36
	android:required
		ADDED from src/main/AndroidManifest.xml:26:9-33
	android:name
		ADDED from src/main/AndroidManifest.xml:25:9-53
uses-feature#android.hardware.location.network
ADDED from src/main/AndroidManifest.xml:27:5-29:36
	android:required
		ADDED from src/main/AndroidManifest.xml:29:9-33
	android:name
		ADDED from src/main/AndroidManifest.xml:28:9-57
uses-permission#android.permission.ACCESS_FINE_LOCATION
ADDED from src/main/AndroidManifest.xml:31:5-79
	android:name
		ADDED from src/main/AndroidManifest.xml:31:22-76
uses-permission#android.permission.ACCESS_COARSE_LOCATION
ADDED from src/main/AndroidManifest.xml:32:5-81
	android:name
		ADDED from src/main/AndroidManifest.xml:32:22-78
uses-permission#android.permission.INTERNET
ADDED from src/main/AndroidManifest.xml:33:5-67
MERGED from [com.heinrichreimersoftware:android-issue-reporter:1.3.1] AndroidManifest.xml:34:5-67
MERGED from [com.heinrichreimersoftware:android-issue-reporter:1.3.1] AndroidManifest.xml:34:5-67
MERGED from [ch.acra:acra-http:5.0.2] AndroidManifest.xml:25:5-67
MERGED from [ch.acra:acra-http:5.0.2] AndroidManifest.xml:25:5-67
	android:name
		ADDED from src/main/AndroidManifest.xml:33:22-64
uses-permission#android.permission.ACCESS_NETWORK_STATE
ADDED from src/main/AndroidManifest.xml:34:5-79
	android:name
		ADDED from src/main/AndroidManifest.xml:34:22-76
uses-permission#android.permission.WRITE_EXTERNAL_STORAGE
ADDED from src/main/AndroidManifest.xml:35:5-81
	android:name
		ADDED from src/main/AndroidManifest.xml:35:22-78
application
ADDED from src/main/AndroidManifest.xml:38:5-232:19
MERGED from src/main/AndroidManifest.xml:38:5-232:19
MERGED from src/main/AndroidManifest.xml:38:5-232:19
MERGED from [com.heinrichreimersoftware:android-issue-reporter:1.3.1] AndroidManifest.xml:36:5-40:19
MERGED from [com.heinrichreimersoftware:android-issue-reporter:1.3.1] AndroidManifest.xml:36:5-40:19
MERGED from [com.nononsenseapps:filepicker:3.0.0] AndroidManifest.xml:17:5-20
MERGED from [com.nononsenseapps:filepicker:3.0.0] AndroidManifest.xml:17:5-20
MERGED from [com.pavelsikun:vintage-chroma:1.5] AndroidManifest.xml:12:5-20
MERGED from [com.pavelsikun:vintage-chroma:1.5] AndroidManifest.xml:12:5-20
MERGED from [com.afollestad.material-dialogs:core:0.8.5.9] AndroidManifest.xml:13:5-20
MERGED from [com.afollestad.material-dialogs:core:0.8.5.9] AndroidManifest.xml:13:5-20
MERGED from [com.android.support:cardview-v7:25.3.0] AndroidManifest.xml:26:5-20
MERGED from [com.android.support:cardview-v7:25.3.0] AndroidManifest.xml:26:5-20
MERGED from [ch.acra:acra-dialog:5.0.2] AndroidManifest.xml:25:5-33:19
MERGED from [ch.acra:acra-dialog:5.0.2] AndroidManifest.xml:25:5-33:19
MERGED from [com.github.sevar83:indeterminate-checkbox:1.0.5] AndroidManifest.xml:11:5-15:19
MERGED from [com.github.sevar83:indeterminate-checkbox:1.0.5] AndroidManifest.xml:11:5-15:19
MERGED from [com.github.aakira:expandable-layout:1.4.3] AndroidManifest.xml:12:5-20
MERGED from [com.github.aakira:expandable-layout:1.4.3] AndroidManifest.xml:12:5-20
MERGED from [ch.acra:acra-core:5.0.2] AndroidManifest.xml:25:5-37:19
MERGED from [ch.acra:acra-core:5.0.2] AndroidManifest.xml:25:5-37:19
	android:supportsRtl
		ADDED from src/main/AndroidManifest.xml:46:9-35
		ADDED from src/main/AndroidManifest.xml:46:9-35
	android:label
		ADDED from src/main/AndroidManifest.xml:43:9-41
		ADDED from src/main/AndroidManifest.xml:43:9-41
	android:fullBackupContent
		ADDED from src/main/AndroidManifest.xml:41:9-48
		ADDED from src/main/AndroidManifest.xml:41:9-48
	android:resizeableActivity
		ADDED from src/main/AndroidManifest.xml:45:9-42
		ADDED from src/main/AndroidManifest.xml:45:9-42
	android:largeHeap
		ADDED from src/main/AndroidManifest.xml:44:9-33
		ADDED from src/main/AndroidManifest.xml:44:9-33
	android:icon
		ADDED from src/main/AndroidManifest.xml:42:9-45
		ADDED from src/main/AndroidManifest.xml:42:9-45
	android:allowBackup
		ADDED from src/main/AndroidManifest.xml:40:9-35
		ADDED from src/main/AndroidManifest.xml:40:9-35
	android:theme
		ADDED from src/main/AndroidManifest.xml:47:9-47
		ADDED from src/main/AndroidManifest.xml:47:9-47
	android:name
		ADDED from src/main/AndroidManifest.xml:39:9-43
		ADDED from src/main/AndroidManifest.xml:39:9-43
activity#de.blau.android.Splash
ADDED from src/main/AndroidManifest.xml:48:9-57:20
	android:theme
		ADDED from src/main/AndroidManifest.xml:50:13-47
	android:name
		ADDED from src/main/AndroidManifest.xml:49:13-35
intent-filter#action:name:android.intent.action.MAIN+category:name:android.intent.category.LAUNCHER+category:name:android.intent.category.MULTIWINDOW_LAUNCHER
ADDED from src/main/AndroidManifest.xml:51:13-56:29
action#android.intent.action.MAIN
ADDED from src/main/AndroidManifest.xml:52:17-69
	android:name
		ADDED from src/main/AndroidManifest.xml:52:25-66
category#android.intent.category.LAUNCHER
ADDED from src/main/AndroidManifest.xml:53:17-77
	android:name
		ADDED from src/main/AndroidManifest.xml:53:27-74
category#android.intent.category.MULTIWINDOW_LAUNCHER
ADDED from src/main/AndroidManifest.xml:55:17-89
	android:name
		ADDED from src/main/AndroidManifest.xml:55:27-86
activity#de.blau.android.Main
ADDED from src/main/AndroidManifest.xml:58:9-66:20
	android:launchMode
		ADDED from src/main/AndroidManifest.xml:61:13-44
	android:configChanges
		ADDED from src/main/AndroidManifest.xml:60:13-102
	android:theme
		ADDED from src/main/AndroidManifest.xml:62:13-52
	android:name
		ADDED from src/main/AndroidManifest.xml:59:13-33
meta-data#com.samsung.android.keepalive.density
ADDED from src/main/AndroidManifest.xml:63:13-65:40
	android:value
		ADDED from src/main/AndroidManifest.xml:65:17-37
	android:name
		ADDED from src/main/AndroidManifest.xml:64:17-69
activity#de.blau.android.prefs.PrefEditor
ADDED from src/main/AndroidManifest.xml:67:9-70:59
	android:label
		ADDED from src/main/AndroidManifest.xml:69:13-48
	android:theme
		ADDED from src/main/AndroidManifest.xml:70:13-56
	android:name
		ADDED from src/main/AndroidManifest.xml:68:13-45
activity#de.blau.android.prefs.AdvancedPrefEditor
ADDED from src/main/AndroidManifest.xml:71:9-74:59
	android:label
		ADDED from src/main/AndroidManifest.xml:73:13-53
	android:theme
		ADDED from src/main/AndroidManifest.xml:74:13-56
	android:name
		ADDED from src/main/AndroidManifest.xml:72:13-53
activity#de.blau.android.BoxPicker
ADDED from src/main/AndroidManifest.xml:75:9-77:54
	android:theme
		ADDED from src/main/AndroidManifest.xml:77:13-51
	android:name
		ADDED from src/main/AndroidManifest.xml:76:13-37
activity#de.blau.android.propertyeditor.PropertyEditor
ADDED from src/main/AndroidManifest.xml:78:9-81:60
	android:configChanges
		ADDED from src/main/AndroidManifest.xml:80:13-102
	android:theme
		ADDED from src/main/AndroidManifest.xml:81:13-57
	android:name
		ADDED from src/main/AndroidManifest.xml:79:13-58
activity#de.blau.android.prefs.APIEditorActivity
ADDED from src/main/AndroidManifest.xml:82:9-85:54
	android:label
		ADDED from src/main/AndroidManifest.xml:84:13-48
	android:theme
		ADDED from src/main/AndroidManifest.xml:85:13-51
	android:name
		ADDED from src/main/AndroidManifest.xml:83:13-52
activity#de.blau.android.prefs.PresetEditorActivity
ADDED from src/main/AndroidManifest.xml:86:9-89:54
	android:label
		ADDED from src/main/AndroidManifest.xml:88:13-51
	android:theme
		ADDED from src/main/AndroidManifest.xml:89:13-51
	android:name
		ADDED from src/main/AndroidManifest.xml:87:13-55
activity#de.blau.android.prefs.GeocoderEditorActivity
ADDED from src/main/AndroidManifest.xml:90:9-93:54
	android:label
		ADDED from src/main/AndroidManifest.xml:92:13-53
	android:theme
		ADDED from src/main/AndroidManifest.xml:93:13-51
	android:name
		ADDED from src/main/AndroidManifest.xml:91:13-57
activity#de.blau.android.prefs.VespucciURLActivity
ADDED from src/main/AndroidManifest.xml:94:9-103:20
	tools:ignore
		ADDED from src/main/AndroidManifest.xml:96:13-44
	android:name
		ADDED from src/main/AndroidManifest.xml:95:13-54
intent-filter#action:name:android.intent.action.VIEW+category:name:android.intent.category.BROWSABLE+category:name:android.intent.category.DEFAULT+data:scheme:vespucci
ADDED from src/main/AndroidManifest.xml:97:13-102:29
action#android.intent.action.VIEW
ADDED from src/main/AndroidManifest.xml:98:17-69
	android:name
		ADDED from src/main/AndroidManifest.xml:98:25-66
category#android.intent.category.DEFAULT
ADDED from src/main/AndroidManifest.xml:99:17-76
	android:name
		ADDED from src/main/AndroidManifest.xml:99:27-73
category#android.intent.category.BROWSABLE
ADDED from src/main/AndroidManifest.xml:100:17-78
	android:name
		ADDED from src/main/AndroidManifest.xml:100:27-75
data
ADDED from src/main/AndroidManifest.xml:101:17-51
	android:scheme
		ADDED from src/main/AndroidManifest.xml:101:23-48
activity#de.blau.android.GeoUrlActivity
ADDED from src/main/AndroidManifest.xml:104:9-115:20
	tools:ignore
		ADDED from src/main/AndroidManifest.xml:106:13-44
	android:name
		ADDED from src/main/AndroidManifest.xml:105:13-58
intent-filter#action:name:android.intent.action.VIEW+category:name:android.intent.category.BROWSABLE+category:name:android.intent.category.DEFAULT+data:scheme:geo
ADDED from src/main/AndroidManifest.xml:107:13-114:29
activity#de.blau.android.ShareOnOpenStreetMap
ADDED from src/main/AndroidManifest.xml:116:9-129:20
	android:label
		ADDED from src/main/AndroidManifest.xml:118:13-59
	tools:ignore
		ADDED from src/main/AndroidManifest.xml:119:13-44
	android:icon
		ADDED from src/main/AndroidManifest.xml:120:13-46
	android:name
		ADDED from src/main/AndroidManifest.xml:117:13-64
activity#de.blau.android.RemoteControlUrlActivity
ADDED from src/main/AndroidManifest.xml:130:9-158:20
	tools:ignore
		ADDED from src/main/AndroidManifest.xml:132:13-44
	android:name
		ADDED from src/main/AndroidManifest.xml:131:13-68
intent-filter#action:name:android.intent.action.VIEW+category:name:android.intent.category.BROWSABLE+category:name:android.intent.category.DEFAULT+data:scheme:josm
ADDED from src/main/AndroidManifest.xml:133:13-140:29
intent-filter#action:name:android.intent.action.VIEW+category:name:android.intent.category.BROWSABLE+category:name:android.intent.category.DEFAULT+data:host:127.0.0.1+data:host:127.0.0.1+data:pathPattern:/.*+data:pathPattern:/.*+data:port:8111+data:port:8112+data:scheme:http+data:scheme:https
ADDED from src/main/AndroidManifest.xml:141:13-157:29
activity#de.blau.android.Authorize
ADDED from src/main/AndroidManifest.xml:159:9-162:54
	android:launchMode
		ADDED from src/main/AndroidManifest.xml:161:13-44
	android:theme
		ADDED from src/main/AndroidManifest.xml:162:13-51
	android:name
		ADDED from src/main/AndroidManifest.xml:160:13-37
activity#de.blau.android.LicenseViewer
ADDED from src/main/AndroidManifest.xml:163:9-165:54
	android:theme
		ADDED from src/main/AndroidManifest.xml:165:13-51
	android:name
		ADDED from src/main/AndroidManifest.xml:164:13-41
activity#de.blau.android.DebugInformation
ADDED from src/main/AndroidManifest.xml:166:9-168:54
	android:theme
		ADDED from src/main/AndroidManifest.xml:168:13-51
	android:name
		ADDED from src/main/AndroidManifest.xml:167:13-44
activity#de.blau.android.HelpViewer
ADDED from src/main/AndroidManifest.xml:169:9-171:61
	android:theme
		ADDED from src/main/AndroidManifest.xml:171:13-58
	android:name
		ADDED from src/main/AndroidManifest.xml:170:13-38
activity#de.blau.android.util.ThemedFilePickerActivity
ADDED from src/main/AndroidManifest.xml:172:9-176:20
	android:label
		ADDED from src/main/AndroidManifest.xml:174:13-45
	android:theme
		ADDED from src/main/AndroidManifest.xml:175:13-51
	android:name
		ADDED from src/main/AndroidManifest.xml:173:13-58
activity#de.blau.android.filter.TagFilterActivity
ADDED from src/main/AndroidManifest.xml:177:9-179:60
	android:theme
		ADDED from src/main/AndroidManifest.xml:179:13-57
	android:name
		ADDED from src/main/AndroidManifest.xml:178:13-53
activity#de.blau.android.filter.PresetFilterActivity
ADDED from src/main/AndroidManifest.xml:180:9-182:60
	android:theme
		ADDED from src/main/AndroidManifest.xml:182:13-57
	android:name
		ADDED from src/main/AndroidManifest.xml:181:13-56
activity#org.acra.dialog.CrashReportDialog
ADDED from src/main/AndroidManifest.xml:183:9-190:47
MERGED from [ch.acra:acra-dialog:5.0.2] AndroidManifest.xml:26:9-32:59
MERGED from [ch.acra:acra-dialog:5.0.2] AndroidManifest.xml:26:9-32:59
	android:process
		ADDED from src/main/AndroidManifest.xml:188:13-44
		REJECTED from [ch.acra:acra-dialog:5.0.2] AndroidManifest.xml:31:13-36
	android:excludeFromRecents
		ADDED from src/main/AndroidManifest.xml:185:13-46
	android:launchMode
		ADDED from src/main/AndroidManifest.xml:187:13-48
	android:theme
		ADDED from src/main/AndroidManifest.xml:189:13-56
	android:finishOnTaskLaunch
		ADDED from src/main/AndroidManifest.xml:186:13-46
	tools:replace
		ADDED from src/main/AndroidManifest.xml:190:13-44
	android:name
		ADDED from src/main/AndroidManifest.xml:184:13-61
service#org.acra.sender.SenderService
ADDED from src/main/AndroidManifest.xml:192:9-195:39
MERGED from [ch.acra:acra-core:5.0.2] AndroidManifest.xml:26:9-29:39
MERGED from [ch.acra:acra-core:5.0.2] AndroidManifest.xml:26:9-29:39
	android:process
		ADDED from src/main/AndroidManifest.xml:195:13-36
	android:exported
		ADDED from src/main/AndroidManifest.xml:194:13-37
	android:name
		ADDED from src/main/AndroidManifest.xml:193:13-57
service#de.blau.android.services.MapTileProviderService
ADDED from src/main/AndroidManifest.xml:198:9-206:19
	android:process
		ADDED from src/main/AndroidManifest.xml:202:13-38
	android:label
		ADDED from src/main/AndroidManifest.xml:201:13-51
	android:exported
		ADDED from src/main/AndroidManifest.xml:200:13-37
	android:name
		ADDED from src/main/AndroidManifest.xml:199:13-60
intent-filter#action:name:de.blau.android.services.IMapTileProviderService
ADDED from src/main/AndroidManifest.xml:203:13-205:29
action#de.blau.android.services.IMapTileProviderService
ADDED from src/main/AndroidManifest.xml:204:17-91
	android:name
		ADDED from src/main/AndroidManifest.xml:204:25-88
service#de.blau.android.services.TrackerService
ADDED from src/main/AndroidManifest.xml:208:9-210:46
	android:label
		ADDED from src/main/AndroidManifest.xml:210:13-43
	android:name
		ADDED from src/main/AndroidManifest.xml:209:13-52
provider#android.support.v4.content.FileProvider
ADDED from src/main/AndroidManifest.xml:212:9-220:20
	android:grantUriPermissions
		ADDED from src/main/AndroidManifest.xml:216:13-47
	android:authorities
		ADDED from src/main/AndroidManifest.xml:214:13-59
	android:exported
		ADDED from src/main/AndroidManifest.xml:215:13-37
	android:name
		ADDED from src/main/AndroidManifest.xml:213:13-67
meta-data#android.support.FILE_PROVIDER_PATHS
ADDED from src/main/AndroidManifest.xml:217:13-219:53
	android:resource
		ADDED from src/main/AndroidManifest.xml:219:17-50
	android:name
		ADDED from src/main/AndroidManifest.xml:218:17-67
uses-library#com.sec.android.app.multiwindow
ADDED from src/main/AndroidManifest.xml:223:9-226:24
	android:required
		ADDED from src/main/AndroidManifest.xml:225:13-37
	android:name
		ADDED from src/main/AndroidManifest.xml:224:13-59
meta-data#com.sec.android.support.multiwindow
ADDED from src/main/AndroidManifest.xml:228:9-230:36
	android:value
		ADDED from src/main/AndroidManifest.xml:230:13-33
	android:name
		ADDED from src/main/AndroidManifest.xml:229:13-63
activity#de.blau.android.Feedback
ADDED from src/current/AndroidManifest.xml:10:9-12:58
	android:theme
		ADDED from src/current/AndroidManifest.xml:12:13-55
	android:name
		ADDED from src/current/AndroidManifest.xml:11:13-36
activity#com.heinrichreimersoftware.androidissuereporter.IssueReporterLauncher$Activity
ADDED from [com.heinrichreimersoftware:android-issue-reporter:1.3.1] AndroidManifest.xml:37:9-39:58
	android:theme
		ADDED from [com.heinrichreimersoftware:android-issue-reporter:1.3.1] AndroidManifest.xml:39:13-55
	android:name
		ADDED from [com.heinrichreimersoftware:android-issue-reporter:1.3.1] AndroidManifest.xml:38:13-106
meta-data#android.support.VERSION
ADDED from [com.android.support:cardview-v7:25.3.0] AndroidManifest.xml:22:5-24:34
	android:value
		ADDED from [com.android.support:cardview-v7:25.3.0] AndroidManifest.xml:24:9-31
	android:name
		ADDED from [com.android.support:cardview-v7:25.3.0] AndroidManifest.xml:23:9-47
provider#org.acra.attachment.AcraContentProvider
ADDED from [ch.acra:acra-core:5.0.2] AndroidManifest.xml:31:9-36:39
	android:process
		ADDED from [ch.acra:acra-core:5.0.2] AndroidManifest.xml:36:13-36
	android:grantUriPermissions
		ADDED from [ch.acra:acra-core:5.0.2] AndroidManifest.xml:35:13-47
	android:authorities
		ADDED from [ch.acra:acra-core:5.0.2] AndroidManifest.xml:33:13-56
	android:exported
		ADDED from [ch.acra:acra-core:5.0.2] AndroidManifest.xml:34:13-37
	android:name
		ADDED from [ch.acra:acra-core:5.0.2] AndroidManifest.xml:32:13-67